<?xml version="1.0" encoding="UTF-8"?>
<beans xmlns="http://www.springframework.org/schema/beans" xmlns:xsi="http://www.w3.org/2001/XMLSchema-instance"
    xmlns:context="http://www.springframework.org/schema/context" xmlns:aop="http://www.springframework.org/schema/aop"
    xmlns:tx="http://www.springframework.org/schema/tx" xmlns:jdbc="http://www.springframework.org/schema/jdbc"
    xmlns:jee="http://www.springframework.org/schema/jee"
    xsi:schemaLocation="http://www.springframework.org/schema/beans http://www.springframework.org/schema/beans/spring-beans.xsd
                        http://www.springframework.org/schema/context http://www.springframework.org/schema/context/spring-context.xsd
                        http://www.springframework.org/schema/tx http://www.springframework.org/schema/tx/spring-tx.xsd 
                        http://www.springframework.org/schema/jdbc http://www.springframework.org/schema/jdbc/spring-jdbc.xsd
                        http://www.springframework.org/schema/jee http://www.springframework.org/schema/jee/spring-jee.xsd">



    <!-- DB configuration -->
    <bean id="hikariConfig" class="com.zaxxer.hikari.HikariConfig">
        <property name="poolName" value="hikari_cp" />
        <property name="driverClassName" value="org.hsqldb.jdbcDriver" />
        <property name="jdbcUrl" value="jdbc:hsqldb:mem:edoks" />
        <property name="maximumPoolSize" value="10" />
        <property name="username" value="" />
        <property name="password" value="" />
        <property name="minimumIdle" value="1" />
    </bean>

    <!-- HikariCP configuration -->
    <bean id="dataSource" class="com.zaxxer.hikari.HikariDataSource" destroy-method="close">
        <constructor-arg ref="hikariConfig" />
    </bean>

    <bean id="sessionFactory" class="org.springframework.orm.hibernate5.LocalSessionFactoryBean">
        <property name="hibernateProperties">
            <props>
                <prop key="hibernate.dialect">org.hibernate.dialect.HSQLDialect</prop>
                <prop key="hibernate.show_sql">false</prop>
                <prop key="hibernate.generate_statistics">false</prop>
                <prop key="hibernate.jdbc.batch_size">0</prop>
                <prop key="hibernate.jdbc.use_streams_for_binary">true</prop>
                <prop key="hibernate.cache.use_second_level_cache">false</prop>
                <prop key="hibernate.hbm2ddl.auto">create</prop>
            </props>
        </property>
        <property name="dataSource" ref="dataSource" />
        <property name="annotatedClasses">
            <list>
                <value>lt.asseco.edoks.web.db.entities.DAOEDocumentContainer</value>
            </list>
        </property>
    </bean>

    <bean id="transactionManager" class="org.springframework.orm.hibernate5.HibernateTransactionManager">
        <property name="sessionFactory" ref="sessionFactory" />
    </bean>

    <tx:annotation-driven transaction-manager="transactionManager" proxy-target-class="true" />

</beans>
    


    